<?xml version="1.0" encoding="UTF-8"?>
<!-- Generated by org.testng.reporters.JUnitReportReporter -->
<testsuite hostname="TABLET-035DO2R9" failures="0" tests="1" name="com.waystocreaterequest.UsingPOJODemo" time="2.513" errors="0" timestamp="2024-02-01T18:51:48 GMT-06:00" skipped="0">
  <testcase classname="com.waystocreaterequest.UsingPOJODemo" name="creatJSONfromPOJO" time="2.513"/>
  <system-out/>
</testsuite> <!-- com.waystocreaterequest.UsingPOJODemo -->
