<?xml version="1.0" encoding="UTF-8"?>
<!-- Generated by org.testng.reporters.JUnitReportReporter -->
<testsuite hostname="TABLET-035DO2R9" failures="0" tests="4" name="com.httpmethods.HtttpMethods" time="322.443" errors="0" timestamp="2024-02-01T13:14:20 GMT-06:00" skipped="0">
  <testcase classname="com.httpmethods.HtttpMethods" name="getUser" time="131.240"/>
  <system-out/>
  <testcase classname="com.httpmethods.HtttpMethods" name="createUser" time="63.771"/>
  <system-out/>
  <testcase classname="com.httpmethods.HtttpMethods" name="updateUser" time="63.762"/>
  <system-out/>
  <testcase classname="com.httpmethods.HtttpMethods" name="deleteUser" time="63.670"/>
  <system-out/>
</testsuite> <!-- com.httpmethods.HtttpMethods -->
